{"numFailedTestSuites":0,"numFailedTests":0,"numPassedTestSuites":1,"numPassedTests":6,"numPendingTestSuites":0,"numPendingTests":0,"numRuntimeErrorTestSuites":0,"numTodoTests":0,"numTotalTestSuites":1,"numTotalTests":6,"openHandles":[],"snapshot":{"added":0,"didUpdate":false,"failure":false,"filesAdded":0,"filesRemoved":0,"filesRemovedList":[],"filesUnmatched":0,"filesUpdated":0,"matched":0,"total":0,"unchecked":0,"uncheckedKeysByFile":[],"unmatched":0,"updated":0},"startTime":1769793788533,"success":true,"testResults":[{"assertionResults":[{"ancestorTitles":["PermissionsService"],"duration":52,"failing":false,"failureDetails":[],"failureMessages":[],"fullName":"PermissionsService should be created","invocations":1,"location":null,"numPassingAsserts":1,"retryReasons":[],"startAt":1769793814273,"status":"passed","title":"should be created"},{"ancestorTitles":["PermissionsService"],"duration":14,"failing":false,"failureDetails":[],"failureMessages":[],"fullName":"PermissionsService should return all permission definitions","invocations":1,"location":null,"numPassingAsserts":2,"retryReasons":[],"startAt":1769793814328,"status":"passed","title":"should return all permission definitions"},{"ancestorTitles":["PermissionsService"],"duration":12,"failing":false,"failureDetails":[],"failureMessages":[],"fullName":"PermissionsService should build user profiles correctly","invocations":1,"location":null,"numPassingAsserts":8,"retryReasons":[],"startAt":1769793814343,"status":"passed","title":"should build user profiles correctly"},{"ancestorTitles":["PermissionsService"],"duration":12,"failing":false,"failureDetails":[],"failureMessages":[],"fullName":"PermissionsService should delegate updatePositionPermissions to PositionsStore","invocations":1,"location":null,"numPassingAsserts":1,"retryReasons":[],"startAt":1769793814357,"status":"passed","title":"should delegate updatePositionPermissions to PositionsStore"},{"ancestorTitles":["PermissionsService"],"duration":9,"failing":false,"failureDetails":[],"failureMessages":[],"fullName":"PermissionsService should load user permissions when requested","invocations":1,"location":null,"numPassingAsserts":1,"retryReasons":[],"startAt":1769793814371,"status":"passed","title":"should load user permissions when requested"},{"ancestorTitles":["PermissionsService"],"duration":7,"failing":false,"failureDetails":[],"failureMessages":[],"fullName":"PermissionsService should check permissions via store","invocations":1,"location":null,"numPassingAsserts":1,"retryReasons":[],"startAt":1769793814382,"status":"passed","title":"should check permissions via store"}],"endTime":1769793814394,"message":"","name":"C:\\Users\\Diegu\\People\\src\\app\\services\\permissions.service.spec.ts","startTime":1769793792459,"status":"passed","summary":""}],"wasInterrupted":false}
